Arguments: 
  /Users/pankajchaudhary/.nvm/versions/node/v16.13.0/bin/node /usr/local/bin/yarn add @nomiclabs/hardhat-upgrades

PATH: 
  /Users/pankajchaudhary/.nvm/versions/node/v16.13.0/bin:/opt/homebrew/bin:/opt/homebrew/sbin:/usr/local/bin:/usr/bin:/bin:/usr/sbin:/sbin:/Library/Apple/usr/bin:/Users/pankajchaudhary/.nvm/versions/node/v16.13.0/bin:/opt/homebrew/bin:/opt/homebrew/sbin:/Users/pankajchaudhary/.yarn/bin

Yarn version: 
  1.22.17

Node version: 
  16.13.0

Platform: 
  darwin arm64

Trace: 
  Error: https://registry.yarnpkg.com/@nomiclabs%2fhardhat-upgrades: Not found
      at Request.params.callback [as _callback] (/usr/local/lib/node_modules/yarn/lib/cli.js:67029:18)
      at Request.self.callback (/usr/local/lib/node_modules/yarn/lib/cli.js:140883:22)
      at Request.emit (node:events:390:28)
      at Request.<anonymous> (/usr/local/lib/node_modules/yarn/lib/cli.js:141855:10)
      at Request.emit (node:events:390:28)
      at IncomingMessage.<anonymous> (/usr/local/lib/node_modules/yarn/lib/cli.js:141777:12)
      at Object.onceWrapper (node:events:509:28)
      at IncomingMessage.emit (node:events:402:35)
      at endReadableNT (node:internal/streams/readable:1343:12)
      at processTicksAndRejections (node:internal/process/task_queues:83:21)

npm manifest: 
  {
    "name": "contracts",
    "version": "1.0.0",
    "main": "index.js",
    "license": "MIT",
    "scripts": {
      "test": "npx hardhat test",
      "build": "npx thirdweb@latest build",
      "run-node": "npx hardhat node",
      "deploy": "npx thirdweb@latest deploy"
    },
    "dependencies": {
      "@openzeppelin/contracts": "^4.9.3",
      "@openzeppelin/contracts-upgradeable": "^4.9.3",
      "@thirdweb-dev/contracts": "^3"
    },
    "devDependencies": {
      "@ethersproject/abi": "^5.4.7",
      "@ethersproject/providers": "^5.4.7",
      "@nomicfoundation/hardhat-chai-matchers": "^1.0.0",
      "@nomicfoundation/hardhat-network-helpers": "^1.0.0",
      "@nomicfoundation/hardhat-toolbox": "^2.0.0",
      "@nomiclabs/hardhat-ethers": "^2.0.0",
      "@nomiclabs/hardhat-etherscan": "^3.0.0",
      "@typechain/ethers-v5": "^10.2.1",
      "@typechain/hardhat": "^6.1.2",
      "@types/chai": "^4.2.0",
      "@types/mocha": ">=9.1.0",
      "@types/node": ">=12.0.0",
      "chai": "^4.2.0",
      "ethers": "^5.4.7",
      "hardhat": "^2.11.1",
      "hardhat-gas-reporter": "^1.0.8",
      "solidity-coverage": "^0.8.0",
      "ts-node": ">=8.0.0",
      "typechain": "^8.1.1",
      "typescript": ">=4.5.0"
    }
  }

yarn manifest: 
  No manifest

Lockfile: 
  No lockfile
